<?xml version="1.0" encoding="UTF-8"?>
<!-- Generated by org.testng.reporters.JUnitXMLReporter -->
<testsuite hostname="agnel-Inspiron-3543" name="Default test" tests="3" failures="0" timestamp="26 Apr 2018 11:44:10 GMT" time="0.069" errors="0">
  <testcase name="carBMW" time="0.022" classname="parameterization.Grouping"/>
  <testcase name="carMethod1" time="0.004" classname="parameterization.Grouping"/>
  <testcase name="carMethod2" time="0.008" classname="parameterization.Grouping"/>
</testsuite> <!-- Default test -->
