<?xml version="1.0" encoding="UTF-8"?>
<!-- Generated by org.testng.reporters.JUnitXMLReporter -->
<testsuite hostname="agnel-Inspiron-3543" name="ParallelEx Test" tests="3" failures="0" timestamp="14 Aug 2018 12:57:20 GMT" time="10.085" errors="0">
  <testcase name="testTwo" time="10.039" classname="parameterization.ParallelEx2"/>
  <testcase name="testThree" time="10.039" classname="parameterization.ParallelEx2"/>
  <testcase name="testOne" time="10.039" classname="parameterization.ParallelEx2"/>
</testsuite> <!-- ParallelEx Test -->
