<?xml version="1.0" encoding="UTF-8"?>
<!-- Generated by org.testng.reporters.JUnitXMLReporter -->
<testsuite hostname="agnel-Inspiron-3543" name="Default test" tests="3" failures="0" timestamp="18 Apr 2018 17:38:30 GMT" time="1.61" errors="0">
  <testcase name="testSecond" time="0.015" classname="testng_ex.SampleTest"/>
  <testcase name="testThird" time="0.002" classname="testng_ex.SampleTest"/>
  <testcase name="testFirst" time="1.525" classname="testng_ex.SampleTest"/>
</testsuite> <!-- Default test -->
