<?xml version="1.0" encoding="UTF-8"?>
<!-- Generated by org.testng.reporters.JUnitXMLReporter -->
<testsuite hostname="agnel-Inspiron-3543" name="Test1" tests="4" failures="0" timestamp="4 Aug 2018 07:12:22 GMT" time="0.064" errors="0">
  <testcase name="myTestMethod1" time="0.01" classname="annotationex.MyTestClass1"/>
  <testcase name="myTestMethod2" time="0.001" classname="annotationex.MyTestClass1"/>
  <testcase name="myTestMethod3" time="0.005" classname="annotationex.MyTestClass2"/>
  <testcase name="myTestMethod4" time="0.002" classname="annotationex.MyTestClass2"/>
</testsuite> <!-- Test1 -->
