<?xml version="1.0" encoding="UTF-8"?>
<!-- Generated by org.testng.reporters.JUnitXMLReporter -->
<testsuite hostname="agnel-Inspiron-3543" name="Test" tests="3" failures="0" timestamp="21 Apr 2018 07:44:22 GMT" time="0.111" errors="0">
  <testcase name="thirdTest" time="0.015" classname="testng_ex.SampleTest2"/>
  <testcase name="secondTest" time="0.011" classname="testng_ex.SampleTest2"/>
  <testcase name="firstTest" time="0.016" classname="testng_ex.SampleTest2"/>
</testsuite> <!-- Test -->
