<?xml version="1.0" encoding="UTF-8"?>
<!-- Generated by org.testng.reporters.JUnitXMLReporter -->
<testsuite hostname="agnel-Inspiron-3543" name="Simple test" tests="3" failures="0" timestamp="24 Apr 2018 11:13:59 GMT" time="0.06" errors="0">
  <testcase name="testSecond" time="0.009" classname="parameterization.SimpleTest"/>
  <testcase name="testThree" time="0.008" classname="parameterization.SimpleTest"/>
  <testcase name="testFirst" time="0.01" classname="parameterization.SimpleTest"/>
</testsuite> <!-- Simple test -->
