<?xml version="1.0" encoding="UTF-8"?>
<!-- Generated by org.testng.reporters.JUnitXMLReporter -->
<testsuite hostname="agnel-Inspiron-3543" name="Default test" tests="3" failures="0" timestamp="25 Apr 2018 12:05:31 GMT" time="13.575" errors="0">
  <testcase name="executeSessionTwo" time="12.462" classname="parameterization.TestMultipleSession"/>
  <testcase name="executSessionOne" time="13.374" classname="parameterization.TestMultipleSession"/>
  <testcase name="executSessionThree" time="13.542" classname="parameterization.TestMultipleSession"/>
</testsuite> <!-- Default test -->
